[1711442639.852][INFO]: Starting ChromeDriver 123.0.6312.58 (6b4b19e9dfbb93aa414dc045bd445287977d8d7a-refs/branch-heads/6312_46@{#3}) on port 9311
[1711442639.852][INFO]: Please see https://chromedriver.chromium.org/security-considerations for suggestions on keeping ChromeDriver safe.
[1711442640.641][INFO]: [7e7a6cc601bed07eaabc879c54497d69] COMMAND InitSession {
   "capabilities": {
      "firstMatch": [ {
         "browserName": "chrome",
         "goog:chromeOptions": {
            "args": [ "--user-data-dir=C:\\Users\\poona\\selenium-starter-2/data" ],
            "extensions": [  ]
         },
         "goog:loggingPrefs": {
            "browser": "ALL",
            "driver": "ALL"
         }
      } ]
   }
}
[1711442640.642][INFO]: Browser search. Trying... C:\Users\poona\.cache\selenium\chromedriver\win64\123.0.6312.58\chrome.exe
[1711442640.642][INFO]: Browser search. Trying... C:\Users\poona\.cache\selenium\chromedriver\win64\123.0.6312.58\chrome.exe
[1711442640.642][INFO]: Browser search. Trying... C:\Users\poona\.cache\selenium\chromedriver\win64\123.0.6312.58\chromium.exe
[1711442640.647][INFO]: Browser search. Trying... C:\Users\poona\AppData\Local\Google\Chrome\Application\chrome.exe
[1711442640.647][INFO]: Browser search. Trying... C:\Program Files\Google\Chrome\Application\chrome.exe
[1711442640.647][INFO]: Browser search. Found at  C:\Program Files\Google\Chrome\Application\chrome.exe
[1711442640.649][INFO]: Populating Preferences file: {
   "alternate_error_pages": {
      "enabled": false
   },
   "autofill": {
      "enabled": false
   },
   "browser": {
      "check_default_browser": false
   },
   "distribution": {
      "import_bookmarks": false,
      "import_history": false,
      "import_search_engine": false,
      "make_chrome_default_for_user": false,
      "skip_first_run_ui": true
   },
   "dns_prefetching": {
      "enabled": false
   },
   "profile": {
      "content_settings": {
         "pattern_pairs": {
            "https://*,*": {
               "media-stream": {
                  "audio": "Default",
                  "video": "Default"
               }
            }
         }
      },
      "default_content_setting_values": {
         "geolocation": 1
      },
      "default_content_settings": {
         "geolocation": 1,
         "mouselock": 1,
         "notifications": 1,
         "popups": 1,
         "ppapi-broker": 1
      },
      "password_manager_enabled": false
   },
   "safebrowsing": {
      "enabled": false
   },
   "search": {
      "suggest_enabled": false
   },
   "translate": {
      "enabled": false
   }
}
[1711442640.650][INFO]: Populating Local State file: {
   "background_mode": {
      "enabled": false
   },
   "ssl": {
      "rev_checking": {
         "enabled": false
      }
   }
}
[1711442640.654][INFO]: ChromeDriver supports communication with Chrome via pipes. This is more reliable and more secure.
[1711442640.654][INFO]: Use the --remote-debugging-pipe Chrome switch instead of the default --remote-debugging-port to enable this communication mode.
[1711442640.657][INFO]: Launching chrome: "C:\Program Files\Google\Chrome\Application\chrome.exe" --allow-pre-commit-input --disable-background-networking --disable-backgrounding-occluded-windows --disable-client-side-phishing-detection --disable-default-apps --disable-hang-monitor --disable-popup-blocking --disable-prompt-on-repost --disable-sync --enable-automation --enable-logging --log-level=0 --no-first-run --no-service-autorun --password-store=basic --remote-debugging-port=0 --test-type=webdriver --use-mock-keychain --user-data-dir="C:\Users\poona\selenium-starter-2/data"
[1711442642.090][INFO]: resolved localhost to ["::1","127.0.0.1"]
[1711442642.318][INFO]: [7e7a6cc601bed07eaabc879c54497d69] RESPONSE InitSession {
   "capabilities": {
      "acceptInsecureCerts": false,
      "browserName": "chrome",
      "browserVersion": "123.0.6312.59",
      "chrome": {
         "chromedriverVersion": "123.0.6312.58 (6b4b19e9dfbb93aa414dc045bd445287977d8d7a-refs/branch-heads/6312_46@{#3})",
         "userDataDir": "C:\\Users\\poona\\selenium-starter-2/data"
      },
      "fedcm:accounts": true,
      "goog:chromeOptions": {
         "debuggerAddress": "localhost:57904"
      },
      "networkConnectionEnabled": false,
      "pageLoadStrategy": "normal",
      "platformName": "windows",
      "proxy": {
      },
      "setWindowRect": true,
      "strictFileInteractability": false,
      "timeouts": {
         "implicit": 0,
         "pageLoad": 300000,
         "script": 30000
      },
      "unhandledPromptBehavior": "dismiss and notify",
      "webauthn:extension:credBlob": true,
      "webauthn:extension:largeBlob": true,
      "webauthn:extension:minPinLength": true,
      "webauthn:extension:prf": true,
      "webauthn:virtualAuthenticators": true
   },
   "sessionId": "7e7a6cc601bed07eaabc879c54497d69"
}
[1711442643.073][INFO]: [7e7a6cc601bed07eaabc879c54497d69] COMMAND MaximizeWindow {
}
[1711442643.074][INFO]: Waiting for pending navigations...
[1711442643.082][INFO]: Done waiting for pending navigations. Status: ok
[1711442643.214][INFO]: Waiting for pending navigations...
[1711442643.215][INFO]: Done waiting for pending navigations. Status: ok
[1711442643.215][INFO]: [7e7a6cc601bed07eaabc879c54497d69] RESPONSE MaximizeWindow {
   "height": 832,
   "width": 1552,
   "x": -8,
   "y": -8
}
[1711442643.227][INFO]: [7e7a6cc601bed07eaabc879c54497d69] COMMAND Navigate {
   "url": "https://forms.gle/wjPkzeSEk1CM7KgGA"
}
[1711442643.227][INFO]: Waiting for pending navigations...
[1711442643.228][INFO]: Done waiting for pending navigations. Status: ok
[1711442644.453][INFO]: Waiting for pending navigations...
[1711442644.932][INFO]: Done waiting for pending navigations. Status: ok
[1711442644.932][INFO]: [7e7a6cc601bed07eaabc879c54497d69] RESPONSE Navigate
